DEBUG restartedMain org.springframework.beans.factory.support.DefaultListableBeanFactory - Returning cached instance of singleton bean 'org.springframework.cache.config.internalCacheAdvisor'
DEBUG restartedMain org.springframework.beans.factory.support.DefaultListableBeanFactory - Returning cached instance of singleton bean 'org.springframework.transaction.config.internalTransactionAdvisor'
DEBUG restartedMain org.springframework.beans.factory.support.DefaultListableBeanFactory - Eagerly caching bean 'org.springframework.boot.autoconfigure.thymeleaf.ThymeleafAutoConfiguration$ThymeleafWebMvcConfiguration' to allow for resolving potential circular references
DEBUG restartedMain org.springframework.beans.factory.support.DefaultListableBeanFactory - Returning cached instance of singleton bean 'metaDataSourceAdvisor'
DEBUG restartedMain org.springframework.beans.factory.support.DefaultListableBeanFactory - Returning cached instance of singleton bean 'org.springframework.cache.config.internalCacheAdvisor'
DEBUG restartedMain org.springframework.beans.factory.support.DefaultListableBeanFactory - Returning cached instance of singleton bean 'org.springframework.transaction.config.internalTransactionAdvisor'
DEBUG restartedMain org.springframework.beans.factory.support.DefaultListableBeanFactory - Returning cached instance of singleton bean 'metaDataSourceAdvisor'
DEBUG restartedMain org.springframework.beans.factory.support.DefaultListableBeanFactory - Returning cached instance of singleton bean 'org.springframework.cache.config.internalCacheAdvisor'
DEBUG restartedMain org.springframework.beans.factory.support.DefaultListableBeanFactory - Returning cached instance of singleton bean 'org.springframework.transaction.config.internalTransactionAdvisor'
DEBUG restartedMain org.springframework.beans.factory.support.DefaultListableBeanFactory - Finished creating instance of bean 'org.springframework.boot.autoconfigure.thymeleaf.ThymeleafAutoConfiguration$ThymeleafWebMvcConfiguration'
DEBUG restartedMain org.springframework.beans.factory.support.DefaultListableBeanFactory - Returning cached instance of singleton bean 'org.springframework.boot.autoconfigure.thymeleaf.ThymeleafAutoConfiguration$ThymeleafDefaultConfiguration'
DEBUG restartedMain org.springframework.beans.factory.support.DefaultListableBeanFactory - Returning cached instance of singleton bean 'templateEngine'
DEBUG restartedMain org.springframework.beans.factory.support.DefaultListableBeanFactory - Returning cached instance of singleton bean 'org.springframework.boot.autoconfigure.thymeleaf.ThymeleafAutoConfiguration$DefaultTemplateResolverConfiguration'
DEBUG restartedMain org.springframework.beans.factory.support.DefaultListableBeanFactory - Returning cached instance of singleton bean 'defaultTemplateResolver'
DEBUG restartedMain org.springframework.beans.factory.support.DefaultListableBeanFactory - Creating shared instance of singleton bean 'org.springframework.boot.autoconfigure.thymeleaf.ThymeleafAutoConfiguration'
DEBUG restartedMain org.springframework.beans.factory.support.DefaultListableBeanFactory - Creating instance of bean 'org.springframework.boot.autoconfigure.thymeleaf.ThymeleafAutoConfiguration'
DEBUG restartedMain org.springframework.beans.factory.support.DefaultListableBeanFactory - Returning cached instance of singleton bean 'metaDataSourceAdvisor'
DEBUG restartedMain org.springframework.beans.factory.support.DefaultListableBeanFactory - Returning cached instance of singleton bean 'org.springframework.cache.config.internalCacheAdvisor'
DEBUG restartedMain org.springframework.beans.factory.support.DefaultListableBeanFactory - Returning cached instance of singleton bean 'org.springframework.transaction.config.internalTransactionAdvisor'
DEBUG restartedMain org.springframework.beans.factory.support.DefaultListableBeanFactory - Eagerly caching bean 'org.springframework.boot.autoconfigure.thymeleaf.ThymeleafAutoConfiguration' to allow for resolving potential circular references
DEBUG restartedMain org.springframework.beans.factory.support.DefaultListableBeanFactory - Returning cached instance of singleton bean 'metaDataSourceAdvisor'
DEBUG restartedMain org.springframework.beans.factory.support.DefaultListableBeanFactory - Returning cached instance of singleton bean 'org.springframework.cache.config.internalCacheAdvisor'
DEBUG restartedMain org.springframework.beans.factory.support.DefaultListableBeanFactory - Returning cached instance of singleton bean 'org.springframework.transaction.config.internalTransactionAdvisor'
DEBUG restartedMain org.springframework.beans.factory.support.DefaultListableBeanFactory - Returning cached instance of singleton bean 'metaDataSourceAdvisor'
DEBUG restartedMain org.springframework.beans.factory.support.DefaultListableBeanFactory - Returning cached instance of singleton bean 'org.springframework.cache.config.internalCacheAdvisor'
DEBUG restartedMain org.springframework.beans.factory.support.DefaultListableBeanFactory - Returning cached instance of singleton bean 'org.springframework.transaction.config.internalTransactionAdvisor'
DEBUG restartedMain org.springframework.beans.factory.support.DefaultListableBeanFactory - Finished creating instance of bean 'org.springframework.boot.autoconfigure.thymeleaf.ThymeleafAutoConfiguration'
DEBUG restartedMain org.springframework.beans.factory.support.DefaultListableBeanFactory - Returning cached instance of singleton bean 'spring.thymeleaf-org.springframework.boot.autoconfigure.thymeleaf.ThymeleafProperties'
DEBUG restartedMain org.springframework.beans.factory.support.DefaultListableBeanFactory - Creating shared instance of singleton bean 'org.springframework.boot.autoconfigure.web.client.RestTemplateAutoConfiguration'
DEBUG restartedMain org.springframework.beans.factory.support.DefaultListableBeanFactory - Creating instance of bean 'org.springframework.boot.autoconfigure.web.client.RestTemplateAutoConfiguration'
DEBUG restartedMain org.springframework.beans.factory.support.DefaultListableBeanFactory - Returning cached instance of singleton bean 'metaDataSourceAdvisor'
DEBUG restartedMain org.springframework.beans.factory.support.DefaultListableBeanFactory - Returning cached instance of singleton bean 'org.springframework.cache.config.internalCacheAdvisor'
DEBUG restartedMain org.springframework.beans.factory.support.DefaultListableBeanFactory - Returning cached instance of singleton bean 'org.springframework.transaction.config.internalTransactionAdvisor'
DEBUG restartedMain org.springframework.core.LocalVariableTableParameterNameDiscoverer - Cannot find '.class' file for class [class org.springframework.boot.autoconfigure.web.client.RestTemplateAutoConfiguration$$EnhancerBySpringCGLIB$$656821cd] - unable to determine constructor/method parameter names
DEBUG restartedMain org.springframework.beans.factory.support.DefaultListableBeanFactory - Eagerly caching bean 'org.springframework.boot.autoconfigure.web.client.RestTemplateAutoConfiguration' to allow for resolving potential circular references
DEBUG restartedMain org.springframework.beans.factory.support.DefaultListableBeanFactory - Returning cached instance of singleton bean 'metaDataSourceAdvisor'
DEBUG restartedMain org.springframework.beans.factory.support.DefaultListableBeanFactory - Returning cached instance of singleton bean 'org.springframework.cache.config.internalCacheAdvisor'
DEBUG restartedMain org.springframework.beans.factory.support.DefaultListableBeanFactory - Returning cached instance of singleton bean 'org.springframework.transaction.config.internalTransactionAdvisor'
DEBUG restartedMain org.springframework.beans.factory.support.DefaultListableBeanFactory - Returning cached instance of singleton bean 'metaDataSourceAdvisor'
DEBUG restartedMain org.springframework.beans.factory.support.DefaultListableBeanFactory - Returning cached instance of singleton bean 'org.springframework.cache.config.internalCacheAdvisor'
DEBUG restartedMain org.springframework.beans.factory.support.DefaultListableBeanFactory - Returning cached instance of singleton bean 'org.springframework.transaction.config.internalTransactionAdvisor'
DEBUG restartedMain org.springframework.beans.factory.support.DefaultListableBeanFactory - Finished creating instance of bean 'org.springframework.boot.autoconfigure.web.client.RestTemplateAutoConfiguration'
DEBUG restartedMain org.springframework.beans.factory.support.DefaultListableBeanFactory - Creating shared instance of singleton bean 'restTemplateBuilder'
DEBUG restartedMain org.springframework.beans.factory.support.DefaultListableBeanFactory - Creating instance of bean 'restTemplateBuilder'
DEBUG restartedMain org.springframework.beans.factory.support.DefaultListableBeanFactory - Returning cached instance of singleton bean 'metaDataSourceAdvisor'
DEBUG restartedMain org.springframework.beans.factory.support.DefaultListableBeanFactory - Returning cached instance of singleton bean 'org.springframework.cache.config.internalCacheAdvisor'
DEBUG restartedMain org.springframework.beans.factory.support.DefaultListableBeanFactory - Returning cached instance of singleton bean 'org.springframework.transaction.config.internalTransactionAdvisor'
DEBUG restartedMain org.springframework.beans.factory.support.DefaultListableBeanFactory - Returning cached instance of singleton bean 'org.springframework.boot.autoconfigure.web.client.RestTemplateAutoConfiguration'
DEBUG restartedMain org.springframework.beans.factory.support.DefaultListableBeanFactory - Returning cached instance of singleton bean 'messageConverters'
DEBUG restartedMain org.springframework.beans.factory.support.DefaultListableBeanFactory - Eagerly caching bean 'restTemplateBuilder' to allow for resolving potential circular references
DEBUG restartedMain org.springframework.beans.factory.support.DefaultListableBeanFactory - Returning cached instance of singleton bean 'metaDataSourceAdvisor'
DEBUG restartedMain org.springframework.beans.factory.support.DefaultListableBeanFactory - Returning cached instance of singleton bean 'org.springframework.cache.config.internalCacheAdvisor'
DEBUG restartedMain org.springframework.beans.factory.support.DefaultListableBeanFactory - Returning cached instance of singleton bean 'org.springframework.transaction.config.internalTransactionAdvisor'
DEBUG restartedMain org.springframework.beans.factory.support.DefaultListableBeanFactory - Returning cached instance of singleton bean 'metaDataSourceAdvisor'
DEBUG restartedMain org.springframework.beans.factory.support.DefaultListableBeanFactory - Returning cached instance of singleton bean 'org.springframework.cache.config.internalCacheAdvisor'
DEBUG restartedMain org.springframework.beans.factory.support.DefaultListableBeanFactory - Returning cached instance of singleton bean 'org.springframework.transaction.config.internalTransactionAdvisor'
DEBUG restartedMain org.springframework.beans.factory.support.DefaultListableBeanFactory - Finished creating instance of bean 'restTemplateBuilder'
DEBUG restartedMain org.springframework.beans.factory.support.DefaultListableBeanFactory - Returning cached instance of singleton bean 'org.springframework.boot.autoconfigure.web.embedded.EmbeddedWebServerFactoryCustomizerAutoConfiguration$TomcatWebServerFactoryCustomizerConfiguration'
DEBUG restartedMain org.springframework.beans.factory.support.DefaultListableBeanFactory - Returning cached instance of singleton bean 'tomcatWebServerFactoryCustomizer'
DEBUG restartedMain org.springframework.beans.factory.support.DefaultListableBeanFactory - Creating shared instance of singleton bean 'org.springframework.boot.autoconfigure.web.embedded.EmbeddedWebServerFactoryCustomizerAutoConfiguration'
DEBUG restartedMain org.springframework.beans.factory.support.DefaultListableBeanFactory - Creating instance of bean 'org.springframework.boot.autoconfigure.web.embedded.EmbeddedWebServerFactoryCustomizerAutoConfiguration'
DEBUG restartedMain org.springframework.beans.factory.support.DefaultListableBeanFactory - Returning cached instance of singleton bean 'metaDataSourceAdvisor'
DEBUG restartedMain org.springframework.beans.factory.support.DefaultListableBeanFactory - Returning cached instance of singleton bean 'org.springframework.cache.config.internalCacheAdvisor'
DEBUG restartedMain org.springframework.beans.factory.support.DefaultListableBeanFactory - Returning cached instance of singleton bean 'org.springframework.transaction.config.internalTransactionAdvisor'
DEBUG restartedMain org.springframework.beans.factory.support.DefaultListableBeanFactory - Eagerly caching bean 'org.springframework.boot.autoconfigure.web.embedded.EmbeddedWebServerFactoryCustomizerAutoConfiguration' to allow for resolving potential circular references
DEBUG restartedMain org.springframework.beans.factory.support.DefaultListableBeanFactory - Returning cached instance of singleton bean 'metaDataSourceAdvisor'
DEBUG restartedMain org.springframework.beans.factory.support.DefaultListableBeanFactory - Returning cached instance of singleton bean 'org.springframework.cache.config.internalCacheAdvisor'
DEBUG restartedMain org.springframework.beans.factory.support.DefaultListableBeanFactory - Returning cached instance of singleton bean 'org.springframework.transaction.config.internalTransactionAdvisor'
DEBUG restartedMain org.springframework.beans.factory.support.DefaultListableBeanFactory - Returning cached instance of singleton bean 'metaDataSourceAdvisor'
DEBUG restartedMain org.springframework.beans.factory.support.DefaultListableBeanFactory - Returning cached instance of singleton bean 'org.springframework.cache.config.internalCacheAdvisor'
DEBUG restartedMain org.springframework.beans.factory.support.DefaultListableBeanFactory - Returning cached instance of singleton bean 'org.springframework.transaction.config.internalTransactionAdvisor'
DEBUG restartedMain org.springframework.beans.factory.support.DefaultListableBeanFactory - Finished creating instance of bean 'org.springframework.boot.autoconfigure.web.embedded.EmbeddedWebServerFactoryCustomizerAutoConfiguration'
DEBUG restartedMain org.springframework.beans.factory.support.DefaultListableBeanFactory - Returning cached instance of singleton bean 'org.springframework.boot.autoconfigure.web.servlet.HttpEncodingAutoConfiguration'
DEBUG restartedMain org.springframework.beans.factory.support.DefaultListableBeanFactory - Returning cached instance of singleton bean 'characterEncodingFilter'
DEBUG restartedMain org.springframework.beans.factory.support.DefaultListableBeanFactory - Returning cached instance of singleton bean 'localeCharsetMappingsCustomizer'
DEBUG restartedMain org.springframework.beans.factory.support.DefaultListableBeanFactory - Returning cached instance of singleton bean 'org.springframework.boot.autoconfigure.web.servlet.MultipartAutoConfiguration'
DEBUG restartedMain org.springframework.beans.factory.support.DefaultListableBeanFactory - Returning cached instance of singleton bean 'multipartConfigElement'
DEBUG restartedMain org.springframework.beans.factory.support.DefaultListableBeanFactory - Creating shared instance of singleton bean 'multipartResolver'
DEBUG restartedMain org.springframework.beans.factory.support.DefaultListableBeanFactory - Creating instance of bean 'multipartResolver'
DEBUG restartedMain org.springframework.beans.factory.support.DefaultListableBeanFactory - Returning cached instance of singleton bean 'metaDataSourceAdvisor'
DEBUG restartedMain org.springframework.beans.factory.support.DefaultListableBeanFactory - Returning cached instance of singleton bean 'org.springframework.cache.config.internalCacheAdvisor'
DEBUG restartedMain org.springframework.beans.factory.support.DefaultListableBeanFactory - Returning cached instance of singleton bean 'org.springframework.transaction.config.internalTransactionAdvisor'
DEBUG restartedMain org.springframework.beans.factory.support.DefaultListableBeanFactory - Returning cached instance of singleton bean 'org.springframework.boot.autoconfigure.web.servlet.MultipartAutoConfiguration'
DEBUG restartedMain org.springframework.beans.factory.support.DefaultListableBeanFactory - Eagerly caching bean 'multipartResolver' to allow for resolving potential circular references
DEBUG restartedMain org.springframework.beans.factory.support.DefaultListableBeanFactory - Returning cached instance of singleton bean 'metaDataSourceAdvisor'
DEBUG restartedMain org.springframework.beans.factory.support.DefaultListableBeanFactory - Returning cached instance of singleton bean 'org.springframework.cache.config.internalCacheAdvisor'
DEBUG restartedMain org.springframework.beans.factory.support.DefaultListableBeanFactory - Returning cached instance of singleton bean 'org.springframework.transaction.config.internalTransactionAdvisor'
DEBUG restartedMain org.springframework.beans.factory.support.DefaultListableBeanFactory - Returning cached instance of singleton bean 'metaDataSourceAdvisor'
DEBUG restartedMain org.springframework.beans.factory.support.DefaultListableBeanFactory - Returning cached instance of singleton bean 'org.springframework.cache.config.internalCacheAdvisor'
DEBUG restartedMain org.springframework.beans.factory.support.DefaultListableBeanFactory - Returning cached instance of singleton bean 'org.springframework.transaction.config.internalTransactionAdvisor'
DEBUG restartedMain org.springframework.beans.factory.support.DefaultListableBeanFactory - Finished creating instance of bean 'multipartResolver'
DEBUG restartedMain org.springframework.beans.factory.support.DefaultListableBeanFactory - Returning cached instance of singleton bean 'spring.servlet.multipart-org.springframework.boot.autoconfigure.web.servlet.MultipartProperties'
DEBUG restartedMain org.springframework.beans.factory.support.DefaultListableBeanFactory - Creating shared instance of singleton bean 'org.springframework.boot.devtools.autoconfigure.LocalDevToolsAutoConfiguration$RestartConfiguration'
DEBUG restartedMain org.springframework.beans.factory.support.DefaultListableBeanFactory - Creating instance of bean 'org.springframework.boot.devtools.autoconfigure.LocalDevToolsAutoConfiguration$RestartConfiguration'
DEBUG restartedMain org.springframework.beans.factory.support.DefaultListableBeanFactory - Returning cached instance of singleton bean 'metaDataSourceAdvisor'
DEBUG restartedMain org.springframework.beans.factory.support.DefaultListableBeanFactory - Returning cached instance of singleton bean 'org.springframework.cache.config.internalCacheAdvisor'
DEBUG restartedMain org.springframework.beans.factory.support.DefaultListableBeanFactory - Returning cached instance of singleton bean 'org.springframework.transaction.config.internalTransactionAdvisor'
DEBUG restartedMain org.springframework.core.LocalVariableTableParameterNameDiscoverer - Cannot find '.class' file for class [class org.springframework.boot.devtools.autoconfigure.LocalDevToolsAutoConfiguration$RestartConfiguration$$EnhancerBySpringCGLIB$$30e5499c] - unable to determine constructor/method parameter names
DEBUG restartedMain org.springframework.beans.factory.support.DefaultListableBeanFactory - Creating shared instance of singleton bean 'spring.devtools-org.springframework.boot.devtools.autoconfigure.DevToolsProperties'
DEBUG restartedMain org.springframework.beans.factory.support.DefaultListableBeanFactory - Creating instance of bean 'spring.devtools-org.springframework.boot.devtools.autoconfigure.DevToolsProperties'
DEBUG restartedMain org.springframework.beans.factory.support.DefaultListableBeanFactory - Returning cached instance of singleton bean 'metaDataSourceAdvisor'
DEBUG restartedMain org.springframework.beans.factory.support.DefaultListableBeanFactory - Returning cached instance of singleton bean 'org.springframework.cache.config.internalCacheAdvisor'
DEBUG restartedMain org.springframework.beans.factory.support.DefaultListableBeanFactory - Returning cached instance of singleton bean 'org.springframework.transaction.config.internalTransactionAdvisor'
DEBUG restartedMain org.springframework.beans.factory.support.DefaultListableBeanFactory - Eagerly caching bean 'spring.devtools-org.springframework.boot.devtools.autoconfigure.DevToolsProperties' to allow for resolving potential circular references
DEBUG restartedMain org.springframework.beans.factory.support.DefaultListableBeanFactory - Returning cached instance of singleton bean 'metaDataSourceAdvisor'
DEBUG restartedMain org.springframework.beans.factory.support.DefaultListableBeanFactory - Returning cached instance of singleton bean 'org.springframework.cache.config.internalCacheAdvisor'
DEBUG restartedMain org.springframework.beans.factory.support.DefaultListableBeanFactory - Returning cached instance of singleton bean 'org.springframework.transaction.config.internalTransactionAdvisor'
DEBUG restartedMain org.springframework.beans.factory.support.DefaultListableBeanFactory - Returning cached instance of singleton bean 'metaDataSourceAdvisor'
DEBUG restartedMain org.springframework.beans.factory.support.DefaultListableBeanFactory - Returning cached instance of singleton bean 'org.springframework.cache.config.internalCacheAdvisor'
DEBUG restartedMain org.springframework.beans.factory.support.DefaultListableBeanFactory - Returning cached instance of singleton bean 'org.springframework.transaction.config.internalTransactionAdvisor'
DEBUG restartedMain org.springframework.beans.factory.support.DefaultListableBeanFactory - Finished creating instance of bean 'spring.devtools-org.springframework.boot.devtools.autoconfigure.DevToolsProperties'
DEBUG restartedMain org.springframework.beans.factory.support.DefaultListableBeanFactory - Autowiring by type from bean name 'org.springframework.boot.devtools.autoconfigure.LocalDevToolsAutoConfiguration$RestartConfiguration' via constructor to bean named 'spring.devtools-org.springframework.boot.devtools.autoconfigure.DevToolsProperties'
DEBUG restartedMain org.springframework.beans.factory.support.DefaultListableBeanFactory - Eagerly caching bean 'org.springframework.boot.devtools.autoconfigure.LocalDevToolsAutoConfiguration$RestartConfiguration' to allow for resolving potential circular references
DEBUG restartedMain org.springframework.beans.factory.support.DefaultListableBeanFactory - Returning cached instance of singleton bean 'metaDataSourceAdvisor'
DEBUG restartedMain org.springframework.beans.factory.support.DefaultListableBeanFactory - Returning cached instance of singleton bean 'org.springframework.cache.config.internalCacheAdvisor'
DEBUG restartedMain org.springframework.beans.factory.support.DefaultListableBeanFactory - Returning cached instance of singleton bean 'org.springframework.transaction.config.internalTransactionAdvisor'
DEBUG restartedMain org.springframework.beans.factory.support.DefaultListableBeanFactory - Returning cached instance of singleton bean 'metaDataSourceAdvisor'
DEBUG restartedMain org.springframework.beans.factory.support.DefaultListableBeanFactory - Returning cached instance of singleton bean 'org.springframework.cache.config.internalCacheAdvisor'
DEBUG restartedMain org.springframework.beans.factory.support.DefaultListableBeanFactory - Returning cached instance of singleton bean 'org.springframework.transaction.config.internalTransactionAdvisor'
DEBUG restartedMain org.springframework.beans.factory.support.DefaultListableBeanFactory - Finished creating instance of bean 'org.springframework.boot.devtools.autoconfigure.LocalDevToolsAutoConfiguration$RestartConfiguration'
DEBUG restartedMain org.springframework.beans.factory.support.DefaultListableBeanFactory - Creating shared instance of singleton bean 'classPathFileSystemWatcher'
DEBUG restartedMain org.springframework.beans.factory.support.DefaultListableBeanFactory - Creating instance of bean 'classPathFileSystemWatcher'
DEBUG restartedMain org.springframework.beans.factory.support.DefaultListableBeanFactory - Returning cached instance of singleton bean 'metaDataSourceAdvisor'
DEBUG restartedMain org.springframework.beans.factory.support.DefaultListableBeanFactory - Returning cached instance of singleton bean 'org.springframework.cache.config.internalCacheAdvisor'
DEBUG restartedMain org.springframework.beans.factory.support.DefaultListableBeanFactory - Returning cached instance of singleton bean 'org.springframework.transaction.config.internalTransactionAdvisor'
DEBUG restartedMain org.springframework.beans.factory.support.DefaultListableBeanFactory - Returning cached instance of singleton bean 'org.springframework.boot.devtools.autoconfigure.LocalDevToolsAutoConfiguration$RestartConfiguration'
DEBUG restartedMain org.springframework.beans.factory.support.DefaultListableBeanFactory - Creating shared instance of singleton bean 'fileSystemWatcherFactory'
DEBUG restartedMain org.springframework.beans.factory.support.DefaultListableBeanFactory - Creating instance of bean 'fileSystemWatcherFactory'
DEBUG restartedMain org.springframework.beans.factory.support.DefaultListableBeanFactory - Returning cached instance of singleton bean 'metaDataSourceAdvisor'
DEBUG restartedMain org.springframework.beans.factory.support.DefaultListableBeanFactory - Returning cached instance of singleton bean 'org.springframework.cache.config.internalCacheAdvisor'
DEBUG restartedMain org.springframework.beans.factory.support.DefaultListableBeanFactory - Returning cached instance of singleton bean 'org.springframework.transaction.config.internalTransactionAdvisor'
DEBUG restartedMain org.springframework.beans.factory.support.DefaultListableBeanFactory - Returning cached instance of singleton bean 'org.springframework.boot.devtools.autoconfigure.LocalDevToolsAutoConfiguration$RestartConfiguration'
DEBUG restartedMain org.springframework.beans.factory.support.DefaultListableBeanFactory - Eagerly caching bean 'fileSystemWatcherFactory' to allow for resolving potential circular references
DEBUG restartedMain org.springframework.beans.factory.support.DefaultListableBeanFactory - Returning cached instance of singleton bean 'metaDataSourceAdvisor'
DEBUG restartedMain org.springframework.beans.factory.support.DefaultListableBeanFactory - Returning cached instance of singleton bean 'org.springframework.cache.config.internalCacheAdvisor'
DEBUG restartedMain org.springframework.beans.factory.support.DefaultListableBeanFactory - Returning cached instance of singleton bean 'org.springframework.transaction.config.internalTransactionAdvisor'
DEBUG restartedMain org.springframework.beans.factory.support.DefaultListableBeanFactory - Returning cached instance of singleton bean 'metaDataSourceAdvisor'
DEBUG restartedMain org.springframework.beans.factory.support.DefaultListableBeanFactory - Returning cached instance of singleton bean 'org.springframework.cache.config.internalCacheAdvisor'
DEBUG restartedMain org.springframework.beans.factory.support.DefaultListableBeanFactory - Returning cached instance of singleton bean 'org.springframework.transaction.config.internalTransactionAdvisor'
DEBUG restartedMain org.springframework.beans.factory.support.DefaultListableBeanFactory - Finished creating instance of bean 'fileSystemWatcherFactory'
DEBUG restartedMain org.springframework.beans.factory.support.DefaultListableBeanFactory - Creating shared instance of singleton bean 'classPathRestartStrategy'
DEBUG restartedMain org.springframework.beans.factory.support.DefaultListableBeanFactory - Creating instance of bean 'classPathRestartStrategy'
DEBUG restartedMain org.springframework.beans.factory.support.DefaultListableBeanFactory - Returning cached instance of singleton bean 'metaDataSourceAdvisor'
DEBUG restartedMain org.springframework.beans.factory.support.DefaultListableBeanFactory - Returning cached instance of singleton bean 'org.springframework.cache.config.internalCacheAdvisor'
DEBUG restartedMain org.springframework.beans.factory.support.DefaultListableBeanFactory - Returning cached instance of singleton bean 'org.springframework.transaction.config.internalTransactionAdvisor'
DEBUG restartedMain org.springframework.beans.factory.support.DefaultListableBeanFactory - Returning cached instance of singleton bean 'org.springframework.boot.devtools.autoconfigure.LocalDevToolsAutoConfiguration$RestartConfiguration'
DEBUG restartedMain org.springframework.beans.factory.support.DefaultListableBeanFactory - Eagerly caching bean 'classPathRestartStrategy' to allow for resolving potential circular references
DEBUG restartedMain org.springframework.beans.factory.support.DefaultListableBeanFactory - Returning cached instance of singleton bean 'metaDataSourceAdvisor'
DEBUG restartedMain org.springframework.beans.factory.support.DefaultListableBeanFactory - Returning cached instance of singleton bean 'org.springframework.cache.config.internalCacheAdvisor'
DEBUG restartedMain org.springframework.beans.factory.support.DefaultListableBeanFactory - Returning cached instance of singleton bean 'org.springframework.transaction.config.internalTransactionAdvisor'
DEBUG restartedMain org.springframework.beans.factory.support.DefaultListableBeanFactory - Returning cached instance of singleton bean 'metaDataSourceAdvisor'
DEBUG restartedMain org.springframework.beans.factory.support.DefaultListableBeanFactory - Returning cached instance of singleton bean 'org.springframework.cache.config.internalCacheAdvisor'
DEBUG restartedMain org.springframework.beans.factory.support.DefaultListableBeanFactory - Returning cached instance of singleton bean 'org.springframework.transaction.config.internalTransactionAdvisor'
DEBUG restartedMain org.springframework.beans.factory.support.DefaultListableBeanFactory - Finished creating instance of bean 'classPathRestartStrategy'
DEBUG restartedMain org.springframework.beans.factory.support.DefaultListableBeanFactory - Eagerly caching bean 'classPathFileSystemWatcher' to allow for resolving potential circular references
DEBUG restartedMain org.springframework.beans.factory.support.DefaultListableBeanFactory - Invoking afterPropertiesSet() on bean with name 'classPathFileSystemWatcher'
